-------------------------------------------------------------------------------
Test set: TestSuite
-------------------------------------------------------------------------------
Tests run: 8, Failures: 1, Errors: 0, Skipped: 0, Time elapsed: 78.524 s <<< FAILURE! - in TestSuite
loginPageTitleTest(com.brainware.qa.testcases.configurePageTest)  Time elapsed: 9.687 s  <<< FAILURE!
java.lang.StackOverflowError

